2024-01-06T09:18:01.961+08:00  INFO 19852 --- [restartedMain] com.example.SpringBoot3DemoApplication   : Starting SpringBoot3DemoApplication using Java 17.0.8 with PID 19852 (D:\workspace\aweit-share\Java 相關\SpringBoot3Demo\target\classes started by user in D:\workspace\aweit-share\Java 相關\SpringBoot3Demo)
2024-01-06T09:18:01.967+08:00  INFO 19852 --- [restartedMain] com.example.SpringBoot3DemoApplication   : No active profile set, falling back to 1 default profile: "default"
2024-01-06T09:18:02.013+08:00  INFO 19852 --- [restartedMain] .e.DevToolsPropertyDefaultsPostProcessor : Devtools property defaults active! Set 'spring.devtools.add-properties' to 'false' to disable
2024-01-06T09:18:02.013+08:00  INFO 19852 --- [restartedMain] .e.DevToolsPropertyDefaultsPostProcessor : For additional web related logging consider setting the 'logging.level.web' property to 'DEBUG'
2024-01-06T09:18:02.580+08:00  INFO 19852 --- [restartedMain] .s.d.r.c.RepositoryConfigurationDelegate : Multiple Spring Data modules found, entering strict repository configuration mode
2024-01-06T09:18:02.581+08:00  INFO 19852 --- [restartedMain] .s.d.r.c.RepositoryConfigurationDelegate : Bootstrapping Spring Data JDBC repositories in DEFAULT mode.
2024-01-06T09:18:02.613+08:00  INFO 19852 --- [restartedMain] .RepositoryConfigurationExtensionSupport : Spring Data JDBC - Could not safely identify store assignment for repository candidate interface com.example.dao.EmployeeResposity; If you want this repository to be a JDBC repository, consider annotating your entities with one of these annotations: org.springframework.data.relational.core.mapping.Table.
2024-01-06T09:18:02.614+08:00  INFO 19852 --- [restartedMain] .RepositoryConfigurationExtensionSupport : Spring Data JDBC - Could not safely identify store assignment for repository candidate interface com.example.dao.TaskResposity; If you want this repository to be a JDBC repository, consider annotating your entities with one of these annotations: org.springframework.data.relational.core.mapping.Table.
2024-01-06T09:18:02.615+08:00  INFO 19852 --- [restartedMain] .s.d.r.c.RepositoryConfigurationDelegate : Finished Spring Data repository scanning in 28 ms. Found 0 JDBC repository interfaces.
2024-01-06T09:18:02.623+08:00  INFO 19852 --- [restartedMain] .s.d.r.c.RepositoryConfigurationDelegate : Multiple Spring Data modules found, entering strict repository configuration mode
2024-01-06T09:18:02.624+08:00  INFO 19852 --- [restartedMain] .s.d.r.c.RepositoryConfigurationDelegate : Bootstrapping Spring Data JPA repositories in DEFAULT mode.
2024-01-06T09:18:02.646+08:00  INFO 19852 --- [restartedMain] .s.d.r.c.RepositoryConfigurationDelegate : Finished Spring Data repository scanning in 20 ms. Found 2 JPA repository interfaces.
2024-01-06T09:21:37.345+08:00  INFO 19852 --- [restartedMain] o.s.b.w.embedded.tomcat.TomcatWebServer  : Tomcat initialized with port 9090 (http)
2024-01-06T09:21:37.355+08:00  INFO 19852 --- [restartedMain] o.apache.catalina.core.StandardService   : Starting service [Tomcat]
2024-01-06T09:21:37.355+08:00  INFO 19852 --- [restartedMain] o.apache.catalina.core.StandardEngine    : Starting Servlet engine: [Apache Tomcat/10.1.17]
2024-01-06T09:21:37.538+08:00  INFO 19852 --- [restartedMain] org.apache.jasper.servlet.TldScanner     : At least one JAR was scanned for TLDs yet contained no TLDs. Enable debug logging for this logger for a complete list of JARs that were scanned but no TLDs were found in them. Skipping unneeded JARs during scanning can improve startup time and JSP compilation time.
2024-01-06T09:21:37.545+08:00  INFO 19852 --- [restartedMain] o.a.c.c.C.[Tomcat].[localhost].[/]       : Initializing Spring embedded WebApplicationContext
2024-01-06T09:21:37.546+08:00  INFO 19852 --- [restartedMain] w.s.c.ServletWebServerApplicationContext : Root WebApplicationContext: initialization completed in 215531 ms
2024-01-06T09:21:37.963+08:00  INFO 19852 --- [restartedMain] o.s.o.j.p.SpringPersistenceUnitInfo      : No LoadTimeWeaver setup: ignoring JPA class transformer
2024-01-06T09:21:37.985+08:00  INFO 19852 --- [restartedMain] com.zaxxer.hikari.HikariDataSource       : HikariPool-1 - Starting...
2024-01-06T09:21:38.130+08:00  INFO 19852 --- [restartedMain] com.zaxxer.hikari.pool.HikariPool        : HikariPool-1 - Added connection com.mysql.cj.jdbc.ConnectionImpl@2ec88
2024-01-06T09:21:38.132+08:00  INFO 19852 --- [restartedMain] com.zaxxer.hikari.HikariDataSource       : HikariPool-1 - Start completed.
2024-01-06T09:21:39.037+08:00  INFO 19852 --- [restartedMain] j.LocalContainerEntityManagerFactoryBean : Initialized JPA EntityManagerFactory for persistence unit 'default'
2024-01-06T09:21:39.088+08:00  WARN 19852 --- [restartedMain] JpaBaseConfiguration$JpaWebConfiguration : spring.jpa.open-in-view is enabled by default. Therefore, database queries may be performed during view rendering. Explicitly configure spring.jpa.open-in-view to disable this warning
2024-01-06T09:21:39.179+08:00 DEBUG 19852 --- [restartedMain] s.w.s.m.m.a.RequestMappingHandlerMapping : 6 mappings in 'requestMappingHandlerMapping'
2024-01-06T09:21:39.275+08:00 DEBUG 19852 --- [restartedMain] s.w.s.m.m.a.RequestMappingHandlerAdapter : ControllerAdvice beans: 0 @ModelAttribute, 0 @InitBinder, 1 RequestBodyAdvice, 1 ResponseBodyAdvice
2024-01-06T09:21:39.320+08:00 DEBUG 19852 --- [restartedMain] .m.m.a.ExceptionHandlerExceptionResolver : ControllerAdvice beans: 0 @ExceptionHandler, 1 ResponseBodyAdvice
2024-01-06T09:21:40.031+08:00  INFO 19852 --- [restartedMain] o.s.b.d.a.OptionalLiveReloadServer       : LiveReload server is running on port 35729
2024-01-06T09:21:40.089+08:00  INFO 19852 --- [restartedMain] o.s.b.w.embedded.tomcat.TomcatWebServer  : Tomcat started on port 9090 (http) with context path ''
2024-01-06T09:21:40.096+08:00  INFO 19852 --- [restartedMain] com.example.SpringBoot3DemoApplication   : Started SpringBoot3DemoApplication in 218.477 seconds (process running for 219.403)
2024-01-06T09:43:02.478+08:00  INFO 29484 --- [restartedMain] com.example.SpringBoot3DemoApplication   : Starting SpringBoot3DemoApplication using Java 17.0.8 with PID 29484 (D:\workspace\aweit-share\Java 相關\SpringBoot3Demo\target\classes started by user in D:\workspace\aweit-share\Java 相關\SpringBoot3Demo)
2024-01-06T09:43:02.479+08:00  INFO 29484 --- [restartedMain] com.example.SpringBoot3DemoApplication   : No active profile set, falling back to 1 default profile: "default"
2024-01-06T09:43:02.519+08:00  INFO 29484 --- [restartedMain] .e.DevToolsPropertyDefaultsPostProcessor : Devtools property defaults active! Set 'spring.devtools.add-properties' to 'false' to disable
2024-01-06T09:43:02.520+08:00  INFO 29484 --- [restartedMain] .e.DevToolsPropertyDefaultsPostProcessor : For additional web related logging consider setting the 'logging.level.web' property to 'DEBUG'
2024-01-06T09:43:03.222+08:00  INFO 29484 --- [restartedMain] .s.d.r.c.RepositoryConfigurationDelegate : Multiple Spring Data modules found, entering strict repository configuration mode
2024-01-06T09:43:03.223+08:00  INFO 29484 --- [restartedMain] .s.d.r.c.RepositoryConfigurationDelegate : Bootstrapping Spring Data JDBC repositories in DEFAULT mode.
2024-01-06T09:43:03.254+08:00  INFO 29484 --- [restartedMain] .RepositoryConfigurationExtensionSupport : Spring Data JDBC - Could not safely identify store assignment for repository candidate interface com.example.dao.EmployeeResposity; If you want this repository to be a JDBC repository, consider annotating your entities with one of these annotations: org.springframework.data.relational.core.mapping.Table.
2024-01-06T09:43:03.256+08:00  INFO 29484 --- [restartedMain] .RepositoryConfigurationExtensionSupport : Spring Data JDBC - Could not safely identify store assignment for repository candidate interface com.example.dao.TaskResposity; If you want this repository to be a JDBC repository, consider annotating your entities with one of these annotations: org.springframework.data.relational.core.mapping.Table.
2024-01-06T09:43:03.257+08:00  INFO 29484 --- [restartedMain] .s.d.r.c.RepositoryConfigurationDelegate : Finished Spring Data repository scanning in 29 ms. Found 0 JDBC repository interfaces.
2024-01-06T09:43:03.266+08:00  INFO 29484 --- [restartedMain] .s.d.r.c.RepositoryConfigurationDelegate : Multiple Spring Data modules found, entering strict repository configuration mode
2024-01-06T09:43:03.267+08:00  INFO 29484 --- [restartedMain] .s.d.r.c.RepositoryConfigurationDelegate : Bootstrapping Spring Data JPA repositories in DEFAULT mode.
2024-01-06T09:43:03.291+08:00  INFO 29484 --- [restartedMain] .s.d.r.c.RepositoryConfigurationDelegate : Finished Spring Data repository scanning in 20 ms. Found 2 JPA repository interfaces.
2024-01-06T09:43:04.002+08:00  INFO 29484 --- [restartedMain] o.s.b.w.embedded.tomcat.TomcatWebServer  : Tomcat initialized with port 9090 (http)
2024-01-06T09:43:04.010+08:00  INFO 29484 --- [restartedMain] o.apache.catalina.core.StandardService   : Starting service [Tomcat]
2024-01-06T09:43:04.012+08:00  INFO 29484 --- [restartedMain] o.apache.catalina.core.StandardEngine    : Starting Servlet engine: [Apache Tomcat/10.1.17]
2024-01-06T09:43:04.207+08:00  INFO 29484 --- [restartedMain] org.apache.jasper.servlet.TldScanner     : At least one JAR was scanned for TLDs yet contained no TLDs. Enable debug logging for this logger for a complete list of JARs that were scanned but no TLDs were found in them. Skipping unneeded JARs during scanning can improve startup time and JSP compilation time.
2024-01-06T09:43:04.217+08:00  INFO 29484 --- [restartedMain] o.a.c.c.C.[Tomcat].[localhost].[/]       : Initializing Spring embedded WebApplicationContext
2024-01-06T09:43:04.218+08:00  INFO 29484 --- [restartedMain] w.s.c.ServletWebServerApplicationContext : Root WebApplicationContext: initialization completed in 1697 ms
2024-01-06T09:43:04.684+08:00  INFO 29484 --- [restartedMain] o.s.o.j.p.SpringPersistenceUnitInfo      : No LoadTimeWeaver setup: ignoring JPA class transformer
2024-01-06T09:43:04.712+08:00  INFO 29484 --- [restartedMain] com.zaxxer.hikari.HikariDataSource       : HikariPool-1 - Starting...
2024-01-06T09:43:04.864+08:00  INFO 29484 --- [restartedMain] com.zaxxer.hikari.pool.HikariPool        : HikariPool-1 - Added connection com.mysql.cj.jdbc.ConnectionImpl@78155ce0
2024-01-06T09:43:04.866+08:00  INFO 29484 --- [restartedMain] com.zaxxer.hikari.HikariDataSource       : HikariPool-1 - Start completed.
2024-01-06T09:43:05.837+08:00  INFO 29484 --- [restartedMain] j.LocalContainerEntityManagerFactoryBean : Initialized JPA EntityManagerFactory for persistence unit 'default'
2024-01-06T09:43:05.951+08:00  WARN 29484 --- [restartedMain] JpaBaseConfiguration$JpaWebConfiguration : spring.jpa.open-in-view is enabled by default. Therefore, database queries may be performed during view rendering. Explicitly configure spring.jpa.open-in-view to disable this warning
2024-01-06T09:43:06.058+08:00 DEBUG 29484 --- [restartedMain] s.w.s.m.m.a.RequestMappingHandlerMapping : 7 mappings in 'requestMappingHandlerMapping'
2024-01-06T09:43:06.155+08:00 DEBUG 29484 --- [restartedMain] s.w.s.m.m.a.RequestMappingHandlerAdapter : ControllerAdvice beans: 0 @ModelAttribute, 0 @InitBinder, 1 RequestBodyAdvice, 1 ResponseBodyAdvice
2024-01-06T09:43:06.201+08:00 DEBUG 29484 --- [restartedMain] .m.m.a.ExceptionHandlerExceptionResolver : ControllerAdvice beans: 0 @ExceptionHandler, 1 ResponseBodyAdvice
2024-01-06T09:43:07.051+08:00  INFO 29484 --- [restartedMain] o.s.b.d.a.OptionalLiveReloadServer       : LiveReload server is running on port 35729
2024-01-06T09:43:07.134+08:00  INFO 29484 --- [restartedMain] o.s.b.w.embedded.tomcat.TomcatWebServer  : Tomcat started on port 9090 (http) with context path ''
2024-01-06T09:43:07.142+08:00  INFO 29484 --- [restartedMain] com.example.SpringBoot3DemoApplication   : Started SpringBoot3DemoApplication in 5.001 seconds (process running for 5.74)
2024-01-06T09:43:34.871+08:00  INFO 29484 --- [File Watcher] rtingClassPathChangeChangedEventListener : Restarting due to 1 class path change (0 additions, 0 deletions, 1 modification)
2024-01-06T09:43:34.890+08:00  INFO 29484 --- [Thread-5] j.LocalContainerEntityManagerFactoryBean : Closing JPA EntityManagerFactory for persistence unit 'default'
2024-01-06T09:43:34.893+08:00  INFO 29484 --- [Thread-5] com.zaxxer.hikari.HikariDataSource       : HikariPool-1 - Shutdown initiated...
2024-01-06T09:43:34.903+08:00  INFO 29484 --- [Thread-5] com.zaxxer.hikari.HikariDataSource       : HikariPool-1 - Shutdown completed.
2024-01-06T09:43:34.966+08:00  INFO 29484 --- [restartedMain] com.example.SpringBoot3DemoApplication   : Starting SpringBoot3DemoApplication using Java 17.0.8 with PID 29484 (D:\workspace\aweit-share\Java 相關\SpringBoot3Demo\target\classes started by user in D:\workspace\aweit-share\Java 相關\SpringBoot3Demo)
2024-01-06T09:43:34.967+08:00  INFO 29484 --- [restartedMain] com.example.SpringBoot3DemoApplication   : No active profile set, falling back to 1 default profile: "default"
2024-01-06T09:43:35.126+08:00  INFO 29484 --- [restartedMain] .s.d.r.c.RepositoryConfigurationDelegate : Multiple Spring Data modules found, entering strict repository configuration mode
2024-01-06T09:43:35.126+08:00  INFO 29484 --- [restartedMain] .s.d.r.c.RepositoryConfigurationDelegate : Bootstrapping Spring Data JDBC repositories in DEFAULT mode.
2024-01-06T09:43:35.131+08:00  INFO 29484 --- [restartedMain] .RepositoryConfigurationExtensionSupport : Spring Data JDBC - Could not safely identify store assignment for repository candidate interface com.example.dao.EmployeeResposity; If you want this repository to be a JDBC repository, consider annotating your entities with one of these annotations: org.springframework.data.relational.core.mapping.Table.
2024-01-06T09:43:35.132+08:00  INFO 29484 --- [restartedMain] .RepositoryConfigurationExtensionSupport : Spring Data JDBC - Could not safely identify store assignment for repository candidate interface com.example.dao.TaskResposity; If you want this repository to be a JDBC repository, consider annotating your entities with one of these annotations: org.springframework.data.relational.core.mapping.Table.
2024-01-06T09:43:35.132+08:00  INFO 29484 --- [restartedMain] .s.d.r.c.RepositoryConfigurationDelegate : Finished Spring Data repository scanning in 6 ms. Found 0 JDBC repository interfaces.
2024-01-06T09:43:35.136+08:00  INFO 29484 --- [restartedMain] .s.d.r.c.RepositoryConfigurationDelegate : Multiple Spring Data modules found, entering strict repository configuration mode
2024-01-06T09:43:35.136+08:00  INFO 29484 --- [restartedMain] .s.d.r.c.RepositoryConfigurationDelegate : Bootstrapping Spring Data JPA repositories in DEFAULT mode.
2024-01-06T09:43:35.141+08:00  INFO 29484 --- [restartedMain] .s.d.r.c.RepositoryConfigurationDelegate : Finished Spring Data repository scanning in 4 ms. Found 2 JPA repository interfaces.
2024-01-06T09:43:35.302+08:00  INFO 29484 --- [restartedMain] o.s.b.w.embedded.tomcat.TomcatWebServer  : Tomcat initialized with port 9090 (http)
2024-01-06T09:43:35.304+08:00  INFO 29484 --- [restartedMain] o.apache.catalina.core.StandardService   : Starting service [Tomcat]
2024-01-06T09:43:35.304+08:00  INFO 29484 --- [restartedMain] o.apache.catalina.core.StandardEngine    : Starting Servlet engine: [Apache Tomcat/10.1.17]
2024-01-06T09:43:35.378+08:00  INFO 29484 --- [restartedMain] org.apache.jasper.servlet.TldScanner     : At least one JAR was scanned for TLDs yet contained no TLDs. Enable debug logging for this logger for a complete list of JARs that were scanned but no TLDs were found in them. Skipping unneeded JARs during scanning can improve startup time and JSP compilation time.
2024-01-06T09:43:35.382+08:00  INFO 29484 --- [restartedMain] o.a.c.c.C.[Tomcat].[localhost].[/]       : Initializing Spring embedded WebApplicationContext
2024-01-06T09:43:35.383+08:00  INFO 29484 --- [restartedMain] w.s.c.ServletWebServerApplicationContext : Root WebApplicationContext: initialization completed in 414 ms
2024-01-06T09:43:35.443+08:00  INFO 29484 --- [restartedMain] o.s.o.j.p.SpringPersistenceUnitInfo      : No LoadTimeWeaver setup: ignoring JPA class transformer
2024-01-06T09:43:35.444+08:00  INFO 29484 --- [restartedMain] com.zaxxer.hikari.HikariDataSource       : HikariPool-2 - Starting...
2024-01-06T09:43:35.458+08:00  INFO 29484 --- [restartedMain] com.zaxxer.hikari.pool.HikariPool        : HikariPool-2 - Added connection com.mysql.cj.jdbc.ConnectionImpl@5e17582e
2024-01-06T09:43:35.458+08:00  INFO 29484 --- [restartedMain] com.zaxxer.hikari.HikariDataSource       : HikariPool-2 - Start completed.
2024-01-06T09:43:35.536+08:00  INFO 29484 --- [restartedMain] j.LocalContainerEntityManagerFactoryBean : Initialized JPA EntityManagerFactory for persistence unit 'default'
2024-01-06T09:43:35.606+08:00  WARN 29484 --- [restartedMain] JpaBaseConfiguration$JpaWebConfiguration : spring.jpa.open-in-view is enabled by default. Therefore, database queries may be performed during view rendering. Explicitly configure spring.jpa.open-in-view to disable this warning
2024-01-06T09:43:35.649+08:00 DEBUG 29484 --- [restartedMain] s.w.s.m.m.a.RequestMappingHandlerMapping : 7 mappings in 'requestMappingHandlerMapping'
2024-01-06T09:43:35.714+08:00 DEBUG 29484 --- [restartedMain] s.w.s.m.m.a.RequestMappingHandlerAdapter : ControllerAdvice beans: 0 @ModelAttribute, 0 @InitBinder, 1 RequestBodyAdvice, 1 ResponseBodyAdvice
2024-01-06T09:43:35.731+08:00 DEBUG 29484 --- [restartedMain] .m.m.a.ExceptionHandlerExceptionResolver : ControllerAdvice beans: 0 @ExceptionHandler, 1 ResponseBodyAdvice
2024-01-06T09:43:36.158+08:00  INFO 29484 --- [restartedMain] o.s.b.d.a.OptionalLiveReloadServer       : LiveReload server is running on port 35729
2024-01-06T09:43:36.185+08:00  INFO 29484 --- [restartedMain] o.s.b.w.embedded.tomcat.TomcatWebServer  : Tomcat started on port 9090 (http) with context path ''
2024-01-06T09:43:36.189+08:00  INFO 29484 --- [restartedMain] com.example.SpringBoot3DemoApplication   : Started SpringBoot3DemoApplication in 1.248 seconds (process running for 34.787)
2024-01-06T09:43:36.191+08:00  INFO 29484 --- [restartedMain] .ConditionEvaluationDeltaLoggingListener : Condition evaluation unchanged
2024-01-06T09:44:48.057+08:00  INFO 29484 --- [http-nio-9090-exec-1] o.a.c.c.C.[Tomcat].[localhost].[/]       : Initializing Spring DispatcherServlet 'dispatcherServlet'
2024-01-06T09:44:48.058+08:00  INFO 29484 --- [http-nio-9090-exec-1] o.s.web.servlet.DispatcherServlet        : Initializing Servlet 'dispatcherServlet'
2024-01-06T09:44:48.058+08:00 DEBUG 29484 --- [http-nio-9090-exec-1] o.s.web.servlet.DispatcherServlet        : Detected StandardServletMultipartResolver
2024-01-06T09:44:48.058+08:00 DEBUG 29484 --- [http-nio-9090-exec-1] o.s.web.servlet.DispatcherServlet        : Detected AcceptHeaderLocaleResolver
2024-01-06T09:44:48.058+08:00 DEBUG 29484 --- [http-nio-9090-exec-1] o.s.web.servlet.DispatcherServlet        : Detected FixedThemeResolver
2024-01-06T09:44:48.059+08:00 DEBUG 29484 --- [http-nio-9090-exec-1] o.s.web.servlet.DispatcherServlet        : Detected org.springframework.web.servlet.view.DefaultRequestToViewNameTranslator@2d277645
2024-01-06T09:44:48.059+08:00 DEBUG 29484 --- [http-nio-9090-exec-1] o.s.web.servlet.DispatcherServlet        : Detected org.springframework.web.servlet.support.SessionFlashMapManager@4ee1001a
2024-01-06T09:44:48.059+08:00 DEBUG 29484 --- [http-nio-9090-exec-1] o.s.web.servlet.DispatcherServlet        : enableLoggingRequestDetails='false': request parameters and headers will be masked to prevent unsafe logging of potentially sensitive data
2024-01-06T09:44:48.059+08:00  INFO 29484 --- [http-nio-9090-exec-1] o.s.web.servlet.DispatcherServlet        : Completed initialization in 1 ms
2024-01-06T09:44:48.066+08:00 DEBUG 29484 --- [http-nio-9090-exec-1] o.s.web.servlet.DispatcherServlet        : POST "/mvc/upload", parameters={multipart}
2024-01-06T09:44:48.101+08:00 DEBUG 29484 --- [http-nio-9090-exec-1] s.w.s.m.m.a.RequestMappingHandlerMapping : Mapped to com.example.controller.FileUploadController#handleFileUpload(MultipartFile)
2024-01-06T09:44:48.120+08:00  INFO 29484 --- [http-nio-9090-exec-1] com.example.aop.LogAspect                : Executing: FileUploadController.handleFileUpload(..)
2024-01-06T09:45:16.890+08:00  INFO 29484 --- [File Watcher] rtingClassPathChangeChangedEventListener : Restarting due to 1 class path change (0 additions, 0 deletions, 1 modification)
2024-01-06T09:45:21.921+08:00  WARN 29484 --- [Thread-7] org.apache.tomcat.util.net.NioEndpoint   : The executor associated with thread pool [http-nio-9090] has not fully shutdown. Some application threads may still be running.
2024-01-06T09:45:21.922+08:00  INFO 29484 --- [Thread-7] j.LocalContainerEntityManagerFactoryBean : Closing JPA EntityManagerFactory for persistence unit 'default'
2024-01-06T09:45:21.923+08:00  INFO 29484 --- [Thread-7] com.zaxxer.hikari.HikariDataSource       : HikariPool-2 - Shutdown initiated...
2024-01-06T09:45:21.927+08:00  INFO 29484 --- [Thread-7] com.zaxxer.hikari.HikariDataSource       : HikariPool-2 - Shutdown completed.
2024-01-06T09:45:27.114+08:00  INFO 18276 --- [restartedMain] com.example.SpringBoot3DemoApplication   : Starting SpringBoot3DemoApplication using Java 17.0.8 with PID 18276 (D:\workspace\aweit-share\Java 相關\SpringBoot3Demo\target\classes started by user in D:\workspace\aweit-share\Java 相關\SpringBoot3Demo)
2024-01-06T09:45:27.117+08:00  INFO 18276 --- [restartedMain] com.example.SpringBoot3DemoApplication   : No active profile set, falling back to 1 default profile: "default"
2024-01-06T09:45:27.162+08:00  INFO 18276 --- [restartedMain] .e.DevToolsPropertyDefaultsPostProcessor : Devtools property defaults active! Set 'spring.devtools.add-properties' to 'false' to disable
2024-01-06T09:45:27.162+08:00  INFO 18276 --- [restartedMain] .e.DevToolsPropertyDefaultsPostProcessor : For additional web related logging consider setting the 'logging.level.web' property to 'DEBUG'
2024-01-06T09:45:27.787+08:00  INFO 18276 --- [restartedMain] .s.d.r.c.RepositoryConfigurationDelegate : Multiple Spring Data modules found, entering strict repository configuration mode
2024-01-06T09:45:27.789+08:00  INFO 18276 --- [restartedMain] .s.d.r.c.RepositoryConfigurationDelegate : Bootstrapping Spring Data JDBC repositories in DEFAULT mode.
2024-01-06T09:45:27.817+08:00  INFO 18276 --- [restartedMain] .RepositoryConfigurationExtensionSupport : Spring Data JDBC - Could not safely identify store assignment for repository candidate interface com.example.dao.EmployeeResposity; If you want this repository to be a JDBC repository, consider annotating your entities with one of these annotations: org.springframework.data.relational.core.mapping.Table.
2024-01-06T09:45:27.818+08:00  INFO 18276 --- [restartedMain] .RepositoryConfigurationExtensionSupport : Spring Data JDBC - Could not safely identify store assignment for repository candidate interface com.example.dao.TaskResposity; If you want this repository to be a JDBC repository, consider annotating your entities with one of these annotations: org.springframework.data.relational.core.mapping.Table.
2024-01-06T09:45:27.818+08:00  INFO 18276 --- [restartedMain] .s.d.r.c.RepositoryConfigurationDelegate : Finished Spring Data repository scanning in 25 ms. Found 0 JDBC repository interfaces.
2024-01-06T09:45:27.828+08:00  INFO 18276 --- [restartedMain] .s.d.r.c.RepositoryConfigurationDelegate : Multiple Spring Data modules found, entering strict repository configuration mode
2024-01-06T09:45:27.829+08:00  INFO 18276 --- [restartedMain] .s.d.r.c.RepositoryConfigurationDelegate : Bootstrapping Spring Data JPA repositories in DEFAULT mode.
2024-01-06T09:45:27.851+08:00  INFO 18276 --- [restartedMain] .s.d.r.c.RepositoryConfigurationDelegate : Finished Spring Data repository scanning in 19 ms. Found 2 JPA repository interfaces.
2024-01-06T09:45:28.731+08:00  INFO 18276 --- [restartedMain] o.s.b.w.embedded.tomcat.TomcatWebServer  : Tomcat initialized with port 9090 (http)
2024-01-06T09:45:28.739+08:00  INFO 18276 --- [restartedMain] o.apache.catalina.core.StandardService   : Starting service [Tomcat]
2024-01-06T09:45:28.740+08:00  INFO 18276 --- [restartedMain] o.apache.catalina.core.StandardEngine    : Starting Servlet engine: [Apache Tomcat/10.1.17]
2024-01-06T09:45:28.934+08:00  INFO 18276 --- [restartedMain] org.apache.jasper.servlet.TldScanner     : At least one JAR was scanned for TLDs yet contained no TLDs. Enable debug logging for this logger for a complete list of JARs that were scanned but no TLDs were found in them. Skipping unneeded JARs during scanning can improve startup time and JSP compilation time.
2024-01-06T09:45:28.942+08:00  INFO 18276 --- [restartedMain] o.a.c.c.C.[Tomcat].[localhost].[/]       : Initializing Spring embedded WebApplicationContext
2024-01-06T09:45:28.942+08:00  INFO 18276 --- [restartedMain] w.s.c.ServletWebServerApplicationContext : Root WebApplicationContext: initialization completed in 1780 ms
2024-01-06T09:45:29.358+08:00  INFO 18276 --- [restartedMain] o.s.o.j.p.SpringPersistenceUnitInfo      : No LoadTimeWeaver setup: ignoring JPA class transformer
2024-01-06T09:45:29.380+08:00  INFO 18276 --- [restartedMain] com.zaxxer.hikari.HikariDataSource       : HikariPool-1 - Starting...
2024-01-06T09:45:29.515+08:00  INFO 18276 --- [restartedMain] com.zaxxer.hikari.pool.HikariPool        : HikariPool-1 - Added connection com.mysql.cj.jdbc.ConnectionImpl@4a6d40f5
2024-01-06T09:45:29.516+08:00  INFO 18276 --- [restartedMain] com.zaxxer.hikari.HikariDataSource       : HikariPool-1 - Start completed.
2024-01-06T09:45:30.412+08:00  INFO 18276 --- [restartedMain] j.LocalContainerEntityManagerFactoryBean : Initialized JPA EntityManagerFactory for persistence unit 'default'
2024-01-06T09:45:30.496+08:00  WARN 18276 --- [restartedMain] JpaBaseConfiguration$JpaWebConfiguration : spring.jpa.open-in-view is enabled by default. Therefore, database queries may be performed during view rendering. Explicitly configure spring.jpa.open-in-view to disable this warning
2024-01-06T09:45:30.588+08:00 DEBUG 18276 --- [restartedMain] s.w.s.m.m.a.RequestMappingHandlerMapping : 7 mappings in 'requestMappingHandlerMapping'
2024-01-06T09:45:30.683+08:00 DEBUG 18276 --- [restartedMain] s.w.s.m.m.a.RequestMappingHandlerAdapter : ControllerAdvice beans: 0 @ModelAttribute, 0 @InitBinder, 1 RequestBodyAdvice, 1 ResponseBodyAdvice
2024-01-06T09:45:30.723+08:00 DEBUG 18276 --- [restartedMain] .m.m.a.ExceptionHandlerExceptionResolver : ControllerAdvice beans: 0 @ExceptionHandler, 1 ResponseBodyAdvice
2024-01-06T09:45:31.527+08:00  INFO 18276 --- [restartedMain] o.s.b.d.a.OptionalLiveReloadServer       : LiveReload server is running on port 35729
2024-01-06T09:45:31.607+08:00  INFO 18276 --- [restartedMain] o.s.b.w.embedded.tomcat.TomcatWebServer  : Tomcat started on port 9090 (http) with context path ''
2024-01-06T09:45:31.614+08:00  INFO 18276 --- [restartedMain] com.example.SpringBoot3DemoApplication   : Started SpringBoot3DemoApplication in 4.856 seconds (process running for 5.61)
2024-01-06T09:45:38.705+08:00  INFO 18276 --- [http-nio-9090-exec-2] o.a.c.c.C.[Tomcat].[localhost].[/]       : Initializing Spring DispatcherServlet 'dispatcherServlet'
2024-01-06T09:45:38.705+08:00  INFO 18276 --- [http-nio-9090-exec-2] o.s.web.servlet.DispatcherServlet        : Initializing Servlet 'dispatcherServlet'
2024-01-06T09:45:38.705+08:00 DEBUG 18276 --- [http-nio-9090-exec-2] o.s.web.servlet.DispatcherServlet        : Detected StandardServletMultipartResolver
2024-01-06T09:45:38.705+08:00 DEBUG 18276 --- [http-nio-9090-exec-2] o.s.web.servlet.DispatcherServlet        : Detected AcceptHeaderLocaleResolver
2024-01-06T09:45:38.705+08:00 DEBUG 18276 --- [http-nio-9090-exec-2] o.s.web.servlet.DispatcherServlet        : Detected FixedThemeResolver
2024-01-06T09:45:38.706+08:00 DEBUG 18276 --- [http-nio-9090-exec-2] o.s.web.servlet.DispatcherServlet        : Detected org.springframework.web.servlet.view.DefaultRequestToViewNameTranslator@69c8556b
2024-01-06T09:45:38.706+08:00 DEBUG 18276 --- [http-nio-9090-exec-2] o.s.web.servlet.DispatcherServlet        : Detected org.springframework.web.servlet.support.SessionFlashMapManager@1c6df7cc
2024-01-06T09:45:38.707+08:00 DEBUG 18276 --- [http-nio-9090-exec-2] o.s.web.servlet.DispatcherServlet        : enableLoggingRequestDetails='false': request parameters and headers will be masked to prevent unsafe logging of potentially sensitive data
2024-01-06T09:45:38.707+08:00  INFO 18276 --- [http-nio-9090-exec-2] o.s.web.servlet.DispatcherServlet        : Completed initialization in 2 ms
2024-01-06T09:45:38.715+08:00 DEBUG 18276 --- [http-nio-9090-exec-2] o.s.web.servlet.DispatcherServlet        : POST "/mvc/upload", parameters={multipart}
2024-01-06T09:45:38.751+08:00 DEBUG 18276 --- [http-nio-9090-exec-2] s.w.s.m.m.a.RequestMappingHandlerMapping : Mapped to com.example.controller.FileUploadController#handleFileUpload(MultipartFile)
2024-01-06T09:45:38.772+08:00  INFO 18276 --- [http-nio-9090-exec-2] com.example.aop.LogAspect                : Executing: FileUploadController.handleFileUpload(..)
2024-01-06T09:46:01.352+08:00  INFO 18276 --- [File Watcher] rtingClassPathChangeChangedEventListener : Restarting due to 1 class path change (0 additions, 0 deletions, 1 modification)
2024-01-06T09:46:11.456+08:00  INFO 10408 --- [restartedMain] com.example.SpringBoot3DemoApplication   : Starting SpringBoot3DemoApplication using Java 17.0.8 with PID 10408 (D:\workspace\aweit-share\Java 相關\SpringBoot3Demo\target\classes started by user in D:\workspace\aweit-share\Java 相關\SpringBoot3Demo)
2024-01-06T09:46:11.458+08:00  INFO 10408 --- [restartedMain] com.example.SpringBoot3DemoApplication   : No active profile set, falling back to 1 default profile: "default"
2024-01-06T09:46:11.512+08:00  INFO 10408 --- [restartedMain] .e.DevToolsPropertyDefaultsPostProcessor : Devtools property defaults active! Set 'spring.devtools.add-properties' to 'false' to disable
2024-01-06T09:46:11.513+08:00  INFO 10408 --- [restartedMain] .e.DevToolsPropertyDefaultsPostProcessor : For additional web related logging consider setting the 'logging.level.web' property to 'DEBUG'
2024-01-06T09:46:12.123+08:00  INFO 10408 --- [restartedMain] .s.d.r.c.RepositoryConfigurationDelegate : Multiple Spring Data modules found, entering strict repository configuration mode
2024-01-06T09:46:12.124+08:00  INFO 10408 --- [restartedMain] .s.d.r.c.RepositoryConfigurationDelegate : Bootstrapping Spring Data JDBC repositories in DEFAULT mode.
2024-01-06T09:46:12.156+08:00  INFO 10408 --- [restartedMain] .RepositoryConfigurationExtensionSupport : Spring Data JDBC - Could not safely identify store assignment for repository candidate interface com.example.dao.EmployeeResposity; If you want this repository to be a JDBC repository, consider annotating your entities with one of these annotations: org.springframework.data.relational.core.mapping.Table.
2024-01-06T09:46:12.157+08:00  INFO 10408 --- [restartedMain] .RepositoryConfigurationExtensionSupport : Spring Data JDBC - Could not safely identify store assignment for repository candidate interface com.example.dao.TaskResposity; If you want this repository to be a JDBC repository, consider annotating your entities with one of these annotations: org.springframework.data.relational.core.mapping.Table.
2024-01-06T09:46:12.158+08:00  INFO 10408 --- [restartedMain] .s.d.r.c.RepositoryConfigurationDelegate : Finished Spring Data repository scanning in 30 ms. Found 0 JDBC repository interfaces.
2024-01-06T09:46:12.168+08:00  INFO 10408 --- [restartedMain] .s.d.r.c.RepositoryConfigurationDelegate : Multiple Spring Data modules found, entering strict repository configuration mode
2024-01-06T09:46:12.169+08:00  INFO 10408 --- [restartedMain] .s.d.r.c.RepositoryConfigurationDelegate : Bootstrapping Spring Data JPA repositories in DEFAULT mode.
2024-01-06T09:46:12.193+08:00  INFO 10408 --- [restartedMain] .s.d.r.c.RepositoryConfigurationDelegate : Finished Spring Data repository scanning in 21 ms. Found 2 JPA repository interfaces.
2024-01-06T09:46:12.932+08:00  INFO 10408 --- [restartedMain] o.s.b.w.embedded.tomcat.TomcatWebServer  : Tomcat initialized with port 9090 (http)
2024-01-06T09:46:12.942+08:00  INFO 10408 --- [restartedMain] o.apache.catalina.core.StandardService   : Starting service [Tomcat]
2024-01-06T09:46:12.942+08:00  INFO 10408 --- [restartedMain] o.apache.catalina.core.StandardEngine    : Starting Servlet engine: [Apache Tomcat/10.1.17]
2024-01-06T09:46:13.128+08:00  INFO 10408 --- [restartedMain] org.apache.jasper.servlet.TldScanner     : At least one JAR was scanned for TLDs yet contained no TLDs. Enable debug logging for this logger for a complete list of JARs that were scanned but no TLDs were found in them. Skipping unneeded JARs during scanning can improve startup time and JSP compilation time.
2024-01-06T09:46:13.135+08:00  INFO 10408 --- [restartedMain] o.a.c.c.C.[Tomcat].[localhost].[/]       : Initializing Spring embedded WebApplicationContext
2024-01-06T09:46:13.136+08:00  INFO 10408 --- [restartedMain] w.s.c.ServletWebServerApplicationContext : Root WebApplicationContext: initialization completed in 1623 ms
2024-01-06T09:46:13.579+08:00  INFO 10408 --- [restartedMain] o.s.o.j.p.SpringPersistenceUnitInfo      : No LoadTimeWeaver setup: ignoring JPA class transformer
2024-01-06T09:46:13.603+08:00  INFO 10408 --- [restartedMain] com.zaxxer.hikari.HikariDataSource       : HikariPool-1 - Starting...
2024-01-06T09:46:13.745+08:00  INFO 10408 --- [restartedMain] com.zaxxer.hikari.pool.HikariPool        : HikariPool-1 - Added connection com.mysql.cj.jdbc.ConnectionImpl@1ebbf70e
2024-01-06T09:46:13.748+08:00  INFO 10408 --- [restartedMain] com.zaxxer.hikari.HikariDataSource       : HikariPool-1 - Start completed.
2024-01-06T09:46:14.685+08:00  INFO 10408 --- [restartedMain] j.LocalContainerEntityManagerFactoryBean : Initialized JPA EntityManagerFactory for persistence unit 'default'
2024-01-06T09:46:14.779+08:00  WARN 10408 --- [restartedMain] JpaBaseConfiguration$JpaWebConfiguration : spring.jpa.open-in-view is enabled by default. Therefore, database queries may be performed during view rendering. Explicitly configure spring.jpa.open-in-view to disable this warning
2024-01-06T09:46:14.876+08:00 DEBUG 10408 --- [restartedMain] s.w.s.m.m.a.RequestMappingHandlerMapping : 7 mappings in 'requestMappingHandlerMapping'
2024-01-06T09:46:14.968+08:00 DEBUG 10408 --- [restartedMain] s.w.s.m.m.a.RequestMappingHandlerAdapter : ControllerAdvice beans: 0 @ModelAttribute, 0 @InitBinder, 1 RequestBodyAdvice, 1 ResponseBodyAdvice
2024-01-06T09:46:15.010+08:00 DEBUG 10408 --- [restartedMain] .m.m.a.ExceptionHandlerExceptionResolver : ControllerAdvice beans: 0 @ExceptionHandler, 1 ResponseBodyAdvice
2024-01-06T09:46:15.771+08:00  INFO 10408 --- [restartedMain] o.s.b.d.a.OptionalLiveReloadServer       : LiveReload server is running on port 35729
2024-01-06T09:46:15.832+08:00  INFO 10408 --- [restartedMain] o.s.b.w.embedded.tomcat.TomcatWebServer  : Tomcat started on port 9090 (http) with context path ''
2024-01-06T09:46:15.839+08:00  INFO 10408 --- [restartedMain] com.example.SpringBoot3DemoApplication   : Started SpringBoot3DemoApplication in 4.734 seconds (process running for 5.496)
2024-01-06T09:46:25.340+08:00  INFO 10408 --- [http-nio-9090-exec-2] o.a.c.c.C.[Tomcat].[localhost].[/]       : Initializing Spring DispatcherServlet 'dispatcherServlet'
2024-01-06T09:46:25.340+08:00  INFO 10408 --- [http-nio-9090-exec-2] o.s.web.servlet.DispatcherServlet        : Initializing Servlet 'dispatcherServlet'
2024-01-06T09:46:25.340+08:00 DEBUG 10408 --- [http-nio-9090-exec-2] o.s.web.servlet.DispatcherServlet        : Detected StandardServletMultipartResolver
2024-01-06T09:46:25.340+08:00 DEBUG 10408 --- [http-nio-9090-exec-2] o.s.web.servlet.DispatcherServlet        : Detected AcceptHeaderLocaleResolver
2024-01-06T09:46:25.341+08:00 DEBUG 10408 --- [http-nio-9090-exec-2] o.s.web.servlet.DispatcherServlet        : Detected FixedThemeResolver
2024-01-06T09:46:25.341+08:00 DEBUG 10408 --- [http-nio-9090-exec-2] o.s.web.servlet.DispatcherServlet        : Detected org.springframework.web.servlet.view.DefaultRequestToViewNameTranslator@383bf662
2024-01-06T09:46:25.342+08:00 DEBUG 10408 --- [http-nio-9090-exec-2] o.s.web.servlet.DispatcherServlet        : Detected org.springframework.web.servlet.support.SessionFlashMapManager@44bb4aab
2024-01-06T09:46:25.342+08:00 DEBUG 10408 --- [http-nio-9090-exec-2] o.s.web.servlet.DispatcherServlet        : enableLoggingRequestDetails='false': request parameters and headers will be masked to prevent unsafe logging of potentially sensitive data
2024-01-06T09:46:25.342+08:00  INFO 10408 --- [http-nio-9090-exec-2] o.s.web.servlet.DispatcherServlet        : Completed initialization in 2 ms
2024-01-06T09:46:25.348+08:00 DEBUG 10408 --- [http-nio-9090-exec-2] o.s.web.servlet.DispatcherServlet        : POST "/mvc/upload", parameters={multipart}
2024-01-06T09:46:25.387+08:00 DEBUG 10408 --- [http-nio-9090-exec-2] s.w.s.m.m.a.RequestMappingHandlerMapping : Mapped to com.example.controller.FileUploadController#handleFileUpload(MultipartFile)
2024-01-06T09:46:25.405+08:00  INFO 10408 --- [http-nio-9090-exec-2] com.example.aop.LogAspect                : Executing: FileUploadController.handleFileUpload(..)
2024-01-06T09:46:44.329+08:00  INFO 10408 --- [http-nio-9090-exec-2] com.example.aop.LogAspect                : FileUploadController.handleFileUpload(..) executed in 18925ms 
2024-01-06T09:46:44.339+08:00 DEBUG 10408 --- [http-nio-9090-exec-2] o.s.w.s.m.m.a.HttpEntityMethodProcessor  : Using 'text/plain', given [*/*] and supported [text/plain, */*, application/json, application/*+json]
2024-01-06T09:46:44.340+08:00 DEBUG 10408 --- [http-nio-9090-exec-2] o.s.w.s.m.m.a.HttpEntityMethodProcessor  : Writing ["File uploaded successfully!"]
2024-01-06T09:46:44.346+08:00 DEBUG 10408 --- [http-nio-9090-exec-2] o.s.web.servlet.DispatcherServlet        : Completed 200 OK
2024-01-06T09:48:17.828+08:00  INFO 10408 --- [File Watcher] rtingClassPathChangeChangedEventListener : Restarting due to 1 class path change (0 additions, 0 deletions, 1 modification)
2024-01-06T09:48:17.852+08:00  INFO 10408 --- [Thread-5] j.LocalContainerEntityManagerFactoryBean : Closing JPA EntityManagerFactory for persistence unit 'default'
2024-01-06T09:48:17.857+08:00  INFO 10408 --- [Thread-5] com.zaxxer.hikari.HikariDataSource       : HikariPool-1 - Shutdown initiated...
2024-01-06T09:48:17.868+08:00  INFO 10408 --- [Thread-5] com.zaxxer.hikari.HikariDataSource       : HikariPool-1 - Shutdown completed.
2024-01-06T09:48:17.945+08:00  INFO 10408 --- [restartedMain] com.example.SpringBoot3DemoApplication   : Starting SpringBoot3DemoApplication using Java 17.0.8 with PID 10408 (D:\workspace\aweit-share\Java 相關\SpringBoot3Demo\target\classes started by user in D:\workspace\aweit-share\Java 相關\SpringBoot3Demo)
2024-01-06T09:48:17.946+08:00  INFO 10408 --- [restartedMain] com.example.SpringBoot3DemoApplication   : No active profile set, falling back to 1 default profile: "default"
2024-01-06T09:48:18.120+08:00  INFO 10408 --- [restartedMain] .s.d.r.c.RepositoryConfigurationDelegate : Multiple Spring Data modules found, entering strict repository configuration mode
2024-01-06T09:48:18.121+08:00  INFO 10408 --- [restartedMain] .s.d.r.c.RepositoryConfigurationDelegate : Bootstrapping Spring Data JDBC repositories in DEFAULT mode.
2024-01-06T09:48:18.125+08:00  INFO 10408 --- [restartedMain] .RepositoryConfigurationExtensionSupport : Spring Data JDBC - Could not safely identify store assignment for repository candidate interface com.example.dao.EmployeeResposity; If you want this repository to be a JDBC repository, consider annotating your entities with one of these annotations: org.springframework.data.relational.core.mapping.Table.
2024-01-06T09:48:18.127+08:00  INFO 10408 --- [restartedMain] .RepositoryConfigurationExtensionSupport : Spring Data JDBC - Could not safely identify store assignment for repository candidate interface com.example.dao.TaskResposity; If you want this repository to be a JDBC repository, consider annotating your entities with one of these annotations: org.springframework.data.relational.core.mapping.Table.
2024-01-06T09:48:18.127+08:00  INFO 10408 --- [restartedMain] .s.d.r.c.RepositoryConfigurationDelegate : Finished Spring Data repository scanning in 5 ms. Found 0 JDBC repository interfaces.
2024-01-06T09:48:18.129+08:00  INFO 10408 --- [restartedMain] .s.d.r.c.RepositoryConfigurationDelegate : Multiple Spring Data modules found, entering strict repository configuration mode
2024-01-06T09:48:18.129+08:00  INFO 10408 --- [restartedMain] .s.d.r.c.RepositoryConfigurationDelegate : Bootstrapping Spring Data JPA repositories in DEFAULT mode.
2024-01-06T09:48:18.135+08:00  INFO 10408 --- [restartedMain] .s.d.r.c.RepositoryConfigurationDelegate : Finished Spring Data repository scanning in 6 ms. Found 2 JPA repository interfaces.
2024-01-06T09:48:18.300+08:00  INFO 10408 --- [restartedMain] o.s.b.w.embedded.tomcat.TomcatWebServer  : Tomcat initialized with port 9090 (http)
2024-01-06T09:48:18.301+08:00  INFO 10408 --- [restartedMain] o.apache.catalina.core.StandardService   : Starting service [Tomcat]
2024-01-06T09:48:18.301+08:00  INFO 10408 --- [restartedMain] o.apache.catalina.core.StandardEngine    : Starting Servlet engine: [Apache Tomcat/10.1.17]
2024-01-06T09:48:18.378+08:00  INFO 10408 --- [restartedMain] org.apache.jasper.servlet.TldScanner     : At least one JAR was scanned for TLDs yet contained no TLDs. Enable debug logging for this logger for a complete list of JARs that were scanned but no TLDs were found in them. Skipping unneeded JARs during scanning can improve startup time and JSP compilation time.
2024-01-06T09:48:18.383+08:00  INFO 10408 --- [restartedMain] o.a.c.c.C.[Tomcat].[localhost].[/]       : Initializing Spring embedded WebApplicationContext
2024-01-06T09:48:18.384+08:00  INFO 10408 --- [restartedMain] w.s.c.ServletWebServerApplicationContext : Root WebApplicationContext: initialization completed in 436 ms
2024-01-06T09:48:18.449+08:00  INFO 10408 --- [restartedMain] o.s.o.j.p.SpringPersistenceUnitInfo      : No LoadTimeWeaver setup: ignoring JPA class transformer
2024-01-06T09:48:18.450+08:00  INFO 10408 --- [restartedMain] com.zaxxer.hikari.HikariDataSource       : HikariPool-2 - Starting...
2024-01-06T09:48:18.463+08:00  INFO 10408 --- [restartedMain] com.zaxxer.hikari.pool.HikariPool        : HikariPool-2 - Added connection com.mysql.cj.jdbc.ConnectionImpl@394e5210
2024-01-06T09:48:18.463+08:00  INFO 10408 --- [restartedMain] com.zaxxer.hikari.HikariDataSource       : HikariPool-2 - Start completed.
2024-01-06T09:48:18.547+08:00  INFO 10408 --- [restartedMain] j.LocalContainerEntityManagerFactoryBean : Initialized JPA EntityManagerFactory for persistence unit 'default'
2024-01-06T09:48:18.624+08:00  WARN 10408 --- [restartedMain] JpaBaseConfiguration$JpaWebConfiguration : spring.jpa.open-in-view is enabled by default. Therefore, database queries may be performed during view rendering. Explicitly configure spring.jpa.open-in-view to disable this warning
2024-01-06T09:48:18.669+08:00 DEBUG 10408 --- [restartedMain] s.w.s.m.m.a.RequestMappingHandlerMapping : 7 mappings in 'requestMappingHandlerMapping'
2024-01-06T09:48:18.727+08:00 DEBUG 10408 --- [restartedMain] s.w.s.m.m.a.RequestMappingHandlerAdapter : ControllerAdvice beans: 0 @ModelAttribute, 0 @InitBinder, 1 RequestBodyAdvice, 1 ResponseBodyAdvice
2024-01-06T09:48:18.744+08:00 DEBUG 10408 --- [restartedMain] .m.m.a.ExceptionHandlerExceptionResolver : ControllerAdvice beans: 0 @ExceptionHandler, 1 ResponseBodyAdvice
2024-01-06T09:48:19.208+08:00  INFO 10408 --- [restartedMain] o.s.b.d.a.OptionalLiveReloadServer       : LiveReload server is running on port 35729
2024-01-06T09:48:19.240+08:00  INFO 10408 --- [restartedMain] o.s.b.w.embedded.tomcat.TomcatWebServer  : Tomcat started on port 9090 (http) with context path ''
2024-01-06T09:48:19.244+08:00  INFO 10408 --- [restartedMain] com.example.SpringBoot3DemoApplication   : Started SpringBoot3DemoApplication in 1.325 seconds (process running for 128.9)
2024-01-06T09:48:19.247+08:00  INFO 10408 --- [restartedMain] .ConditionEvaluationDeltaLoggingListener : Condition evaluation unchanged
2024-01-06T09:48:29.179+08:00  INFO 10408 --- [http-nio-9090-exec-2] o.a.c.c.C.[Tomcat].[localhost].[/]       : Initializing Spring DispatcherServlet 'dispatcherServlet'
2024-01-06T09:48:29.179+08:00  INFO 10408 --- [http-nio-9090-exec-2] o.s.web.servlet.DispatcherServlet        : Initializing Servlet 'dispatcherServlet'
2024-01-06T09:48:29.179+08:00 DEBUG 10408 --- [http-nio-9090-exec-2] o.s.web.servlet.DispatcherServlet        : Detected StandardServletMultipartResolver
2024-01-06T09:48:29.179+08:00 DEBUG 10408 --- [http-nio-9090-exec-2] o.s.web.servlet.DispatcherServlet        : Detected AcceptHeaderLocaleResolver
2024-01-06T09:48:29.179+08:00 DEBUG 10408 --- [http-nio-9090-exec-2] o.s.web.servlet.DispatcherServlet        : Detected FixedThemeResolver
2024-01-06T09:48:29.180+08:00 DEBUG 10408 --- [http-nio-9090-exec-2] o.s.web.servlet.DispatcherServlet        : Detected org.springframework.web.servlet.view.DefaultRequestToViewNameTranslator@1d729120
2024-01-06T09:48:29.182+08:00 DEBUG 10408 --- [http-nio-9090-exec-2] o.s.web.servlet.DispatcherServlet        : Detected org.springframework.web.servlet.support.SessionFlashMapManager@47a01058
2024-01-06T09:48:29.182+08:00 DEBUG 10408 --- [http-nio-9090-exec-2] o.s.web.servlet.DispatcherServlet        : enableLoggingRequestDetails='false': request parameters and headers will be masked to prevent unsafe logging of potentially sensitive data
2024-01-06T09:48:29.182+08:00  INFO 10408 --- [http-nio-9090-exec-2] o.s.web.servlet.DispatcherServlet        : Completed initialization in 3 ms
2024-01-06T09:48:29.182+08:00 DEBUG 10408 --- [http-nio-9090-exec-2] o.s.web.servlet.DispatcherServlet        : POST "/mvc/upload", parameters={multipart}
2024-01-06T09:48:29.185+08:00 DEBUG 10408 --- [http-nio-9090-exec-2] s.w.s.m.m.a.RequestMappingHandlerMapping : Mapped to com.example.controller.FileUploadController#handleFileUpload(MultipartFile)
2024-01-06T09:48:29.187+08:00  INFO 10408 --- [http-nio-9090-exec-2] com.example.aop.LogAspect                : Executing: FileUploadController.handleFileUpload(..)
2024-01-06T09:48:34.959+08:00  INFO 10408 --- [http-nio-9090-exec-2] com.example.aop.LogAspect                : FileUploadController.handleFileUpload(..) executed in 5772ms 
2024-01-06T09:48:34.960+08:00 DEBUG 10408 --- [http-nio-9090-exec-2] o.s.w.s.m.m.a.HttpEntityMethodProcessor  : Using 'text/plain', given [*/*] and supported [text/plain, */*, application/json, application/*+json]
2024-01-06T09:48:34.960+08:00 DEBUG 10408 --- [http-nio-9090-exec-2] o.s.w.s.m.m.a.HttpEntityMethodProcessor  : Writing ["File uploaded successfully!"]
2024-01-06T09:48:34.961+08:00 DEBUG 10408 --- [http-nio-9090-exec-2] o.s.web.servlet.DispatcherServlet        : Completed 200 OK
2024-01-06T09:48:55.148+08:00  INFO 10408 --- [File Watcher] rtingClassPathChangeChangedEventListener : Restarting due to 1 class path change (0 additions, 0 deletions, 1 modification)
2024-01-06T09:48:55.165+08:00  INFO 10408 --- [Thread-7] j.LocalContainerEntityManagerFactoryBean : Closing JPA EntityManagerFactory for persistence unit 'default'
2024-01-06T09:48:55.166+08:00  INFO 10408 --- [Thread-7] com.zaxxer.hikari.HikariDataSource       : HikariPool-2 - Shutdown initiated...
2024-01-06T09:48:55.170+08:00  INFO 10408 --- [Thread-7] com.zaxxer.hikari.HikariDataSource       : HikariPool-2 - Shutdown completed.
2024-01-06T09:48:55.232+08:00  INFO 10408 --- [restartedMain] com.example.SpringBoot3DemoApplication   : Starting SpringBoot3DemoApplication using Java 17.0.8 with PID 10408 (D:\workspace\aweit-share\Java 相關\SpringBoot3Demo\target\classes started by user in D:\workspace\aweit-share\Java 相關\SpringBoot3Demo)
2024-01-06T09:48:55.233+08:00  INFO 10408 --- [restartedMain] com.example.SpringBoot3DemoApplication   : No active profile set, falling back to 1 default profile: "default"
2024-01-06T09:48:55.400+08:00  INFO 10408 --- [restartedMain] .s.d.r.c.RepositoryConfigurationDelegate : Multiple Spring Data modules found, entering strict repository configuration mode
2024-01-06T09:48:55.400+08:00  INFO 10408 --- [restartedMain] .s.d.r.c.RepositoryConfigurationDelegate : Bootstrapping Spring Data JDBC repositories in DEFAULT mode.
2024-01-06T09:48:55.405+08:00  INFO 10408 --- [restartedMain] .RepositoryConfigurationExtensionSupport : Spring Data JDBC - Could not safely identify store assignment for repository candidate interface com.example.dao.EmployeeResposity; If you want this repository to be a JDBC repository, consider annotating your entities with one of these annotations: org.springframework.data.relational.core.mapping.Table.
2024-01-06T09:48:55.406+08:00  INFO 10408 --- [restartedMain] .RepositoryConfigurationExtensionSupport : Spring Data JDBC - Could not safely identify store assignment for repository candidate interface com.example.dao.TaskResposity; If you want this repository to be a JDBC repository, consider annotating your entities with one of these annotations: org.springframework.data.relational.core.mapping.Table.
2024-01-06T09:48:55.406+08:00  INFO 10408 --- [restartedMain] .s.d.r.c.RepositoryConfigurationDelegate : Finished Spring Data repository scanning in 6 ms. Found 0 JDBC repository interfaces.
2024-01-06T09:48:55.409+08:00  INFO 10408 --- [restartedMain] .s.d.r.c.RepositoryConfigurationDelegate : Multiple Spring Data modules found, entering strict repository configuration mode
2024-01-06T09:48:55.409+08:00  INFO 10408 --- [restartedMain] .s.d.r.c.RepositoryConfigurationDelegate : Bootstrapping Spring Data JPA repositories in DEFAULT mode.
2024-01-06T09:48:55.415+08:00  INFO 10408 --- [restartedMain] .s.d.r.c.RepositoryConfigurationDelegate : Finished Spring Data repository scanning in 5 ms. Found 2 JPA repository interfaces.
2024-01-06T09:48:56.825+08:00  INFO 10408 --- [restartedMain] o.s.b.w.embedded.tomcat.TomcatWebServer  : Tomcat initialized with port 9090 (http)
2024-01-06T09:48:56.826+08:00  INFO 10408 --- [restartedMain] o.apache.catalina.core.StandardService   : Starting service [Tomcat]
2024-01-06T09:48:56.826+08:00  INFO 10408 --- [restartedMain] o.apache.catalina.core.StandardEngine    : Starting Servlet engine: [Apache Tomcat/10.1.17]
2024-01-06T09:48:56.904+08:00  INFO 10408 --- [restartedMain] org.apache.jasper.servlet.TldScanner     : At least one JAR was scanned for TLDs yet contained no TLDs. Enable debug logging for this logger for a complete list of JARs that were scanned but no TLDs were found in them. Skipping unneeded JARs during scanning can improve startup time and JSP compilation time.
2024-01-06T09:48:56.906+08:00  INFO 10408 --- [restartedMain] o.a.c.c.C.[Tomcat].[localhost].[/]       : Initializing Spring embedded WebApplicationContext
2024-01-06T09:48:56.907+08:00  INFO 10408 --- [restartedMain] w.s.c.ServletWebServerApplicationContext : Root WebApplicationContext: initialization completed in 1672 ms
2024-01-06T09:48:56.968+08:00  INFO 10408 --- [restartedMain] o.s.o.j.p.SpringPersistenceUnitInfo      : No LoadTimeWeaver setup: ignoring JPA class transformer
2024-01-06T09:48:56.969+08:00  INFO 10408 --- [restartedMain] com.zaxxer.hikari.HikariDataSource       : HikariPool-3 - Starting...
2024-01-06T09:48:56.981+08:00  INFO 10408 --- [restartedMain] com.zaxxer.hikari.pool.HikariPool        : HikariPool-3 - Added connection com.mysql.cj.jdbc.ConnectionImpl@60887be8
2024-01-06T09:48:56.982+08:00  INFO 10408 --- [restartedMain] com.zaxxer.hikari.HikariDataSource       : HikariPool-3 - Start completed.
2024-01-06T09:48:57.059+08:00  INFO 10408 --- [restartedMain] j.LocalContainerEntityManagerFactoryBean : Initialized JPA EntityManagerFactory for persistence unit 'default'
2024-01-06T09:48:57.131+08:00  WARN 10408 --- [restartedMain] JpaBaseConfiguration$JpaWebConfiguration : spring.jpa.open-in-view is enabled by default. Therefore, database queries may be performed during view rendering. Explicitly configure spring.jpa.open-in-view to disable this warning
2024-01-06T09:48:57.173+08:00 DEBUG 10408 --- [restartedMain] s.w.s.m.m.a.RequestMappingHandlerMapping : 7 mappings in 'requestMappingHandlerMapping'
2024-01-06T09:48:57.234+08:00 DEBUG 10408 --- [restartedMain] s.w.s.m.m.a.RequestMappingHandlerAdapter : ControllerAdvice beans: 0 @ModelAttribute, 0 @InitBinder, 1 RequestBodyAdvice, 1 ResponseBodyAdvice
2024-01-06T09:48:57.251+08:00 DEBUG 10408 --- [restartedMain] .m.m.a.ExceptionHandlerExceptionResolver : ControllerAdvice beans: 0 @ExceptionHandler, 1 ResponseBodyAdvice
2024-01-06T09:48:57.680+08:00  INFO 10408 --- [restartedMain] o.s.b.d.a.OptionalLiveReloadServer       : LiveReload server is running on port 35729
2024-01-06T09:48:57.708+08:00  INFO 10408 --- [restartedMain] o.s.b.w.embedded.tomcat.TomcatWebServer  : Tomcat started on port 9090 (http) with context path ''
2024-01-06T09:48:57.713+08:00  INFO 10408 --- [restartedMain] com.example.SpringBoot3DemoApplication   : Started SpringBoot3DemoApplication in 2.501 seconds (process running for 167.369)
2024-01-06T09:48:57.714+08:00  INFO 10408 --- [restartedMain] .ConditionEvaluationDeltaLoggingListener : Condition evaluation unchanged
