2023-12-09 20:07:41,954 DEBUG com.mchange.v2.log.slf4j.Slf4jMLog$Slf4jMLogger$DebugLogger [MLog-Init-Reporter] Reading VM config for path list /com/mchange/v2/log/default-mchange-log.properties, /mchange-commons.properties, /c3p0.properties, hocon:/reference,/application,/c3p0,/, /mchange-log.properties, /
2023-12-09 20:07:41,954 DEBUG com.mchange.v2.log.slf4j.Slf4jMLog$Slf4jMLogger$DebugLogger [MLog-Init-Reporter] The configuration file for resource identifier '/mchange-commons.properties' could not be found. Skipping.
2023-12-09 20:07:41,955 DEBUG com.mchange.v2.log.slf4j.Slf4jMLog$Slf4jMLogger$DebugLogger [MLog-Init-Reporter] The configuration file for resource identifier '/c3p0.properties' could not be found. Skipping.
2023-12-09 20:07:41,955 DEBUG com.mchange.v2.log.slf4j.Slf4jMLog$Slf4jMLogger$DebugLogger [main] The configuration file for resource identifier '/mchange-commons.properties' could not be found. Skipping.
2023-12-09 20:07:42,889 DEBUG com.mchange.v2.log.slf4j.Slf4jMLog$Slf4jMLogger$DebugLogger [MLog-Init-Reporter] The configuration file for resource identifier 'hocon:/reference,/application,/c3p0,/' could not be found. Skipping.
2023-12-09 20:07:42,890 DEBUG com.mchange.v2.log.slf4j.Slf4jMLog$Slf4jMLogger$DebugLogger [MLog-Init-Reporter] The configuration file for resource identifier '/mchange-log.properties' could not be found. Skipping.
2023-12-09 20:07:42,890 DEBUG com.mchange.v2.log.slf4j.Slf4jMLog$Slf4jMLogger$DebugLogger [main] The configuration file for resource identifier '/mchange-log.properties' could not be found. Skipping.
2023-12-09 20:07:42,890 DEBUG com.mchange.v2.log.slf4j.Slf4jMLog$Slf4jMLogger$DebugLogger [main] The configuration file for resource identifier 'hocon:/reference,/application,/c3p0,/' could not be found. Skipping.
2023-12-09 20:07:42,890 DEBUG com.mchange.v2.log.slf4j.Slf4jMLog$Slf4jMLogger$DebugLogger [main] The configuration file for resource identifier '/c3p0.properties' could not be found. Skipping.
2023-12-09 20:07:42,923 DEBUG com.mchange.v2.log.slf4j.Slf4jMLog$Slf4jMLogger$DebugLogger [main] MBean: com.mchange.v2.c3p0:type=PooledDataSource,identityToken=1hgeps1b0lrvlmcfsjgxn|4a8b5227,name=1hgeps1b0lrvlmcfsjgxn|4a8b5227 registered.
2023-12-09 20:07:42,936 DEBUG com.mchange.v2.log.slf4j.Slf4jMLog$Slf4jMLogger$DebugLogger [main] MBean: com.mchange.v2.c3p0:type=PooledDataSource,identityToken=1hgeps1b0lrvlmcfsjgxn|4a8b5227,name=1hgeps1b0lrvlmcfsjgxn|4a8b5227 unregistered, in order to be reregistered after update.
2023-12-09 20:07:42,937 DEBUG com.mchange.v2.log.slf4j.Slf4jMLog$Slf4jMLogger$DebugLogger [main] MBean: com.mchange.v2.c3p0:type=PooledDataSource,identityToken=1hgeps1b0lrvlmcfsjgxn|4a8b5227,name=1hgeps1b0lrvlmcfsjgxn|4a8b5227 registered.
2023-12-09 20:07:43,054 DEBUG com.mchange.v2.log.slf4j.Slf4jMLog$Slf4jMLogger$DebugLogger [main] The configuration file for resource identifier '/mchange-commons.properties' could not be found. Skipping.
2023-12-09 20:07:43,055 DEBUG com.mchange.v2.log.slf4j.Slf4jMLog$Slf4jMLogger$DebugLogger [main] The configuration file for resource identifier '/mchange-log.properties' could not be found. Skipping.
2023-12-09 20:07:43,055 DEBUG com.mchange.v2.log.slf4j.Slf4jMLog$Slf4jMLogger$DebugLogger [main] The configuration file for resource identifier '/c3p0.properties' could not be found. Skipping.
2023-12-09 20:07:43,055 DEBUG com.mchange.v2.log.slf4j.Slf4jMLog$Slf4jMLogger$DebugLogger [main] The configuration file for resource identifier 'hocon:/reference,/application,/c3p0,/' could not be found. Skipping.
2023-12-09 20:07:43,056 DEBUG com.mchange.v2.log.slf4j.Slf4jMLog$Slf4jMLogger$DebugLogger [main] com.mchange.v2.resourcepool.BasicResourcePool@17ae7628 config: [start -> 10; min -> 10; max -> 100; inc -> 3; num_acq_attempts -> 30; acq_attempt_delay -> 1000; check_idle_resources_delay -> 0; max_resource_age -> 0; max_idle_time -> 1800000; excess_max_idle_time -> 0; destroy_unreturned_resc_time -> 0; expiration_enforcement_delay -> 450000; break_on_acquisition_failure -> false; debug_store_checkout_exceptions -> false; force_synchronous_checkins -> false]
2023-12-09 20:07:43,057 DEBUG com.mchange.v2.log.slf4j.Slf4jMLog$Slf4jMLogger$DebugLogger [main] Created new pool for auth, username (masked): 'we******'.
2023-12-09 20:07:43,057 DEBUG com.mchange.v2.log.slf4j.Slf4jMLog$Slf4jMLogger$DebugLogger [main] acquire test -- pool size: 0; target_pool_size: 10; desired target? 1
2023-12-09 20:07:43,057 DEBUG com.mchange.v2.log.slf4j.Slf4jMLog$Slf4jMLogger$DebugLogger [main] awaitAvailable(): [unknown]
2023-12-09 20:48:34,044 DEBUG com.mchange.v2.log.slf4j.Slf4jMLog$Slf4jMLogger$DebugLogger [main] The configuration file for resource identifier '/mchange-commons.properties' could not be found. Skipping.
2023-12-09 20:48:34,081 DEBUG com.mchange.v2.log.slf4j.Slf4jMLog$Slf4jMLogger$DebugLogger [main] The configuration file for resource identifier '/mchange-log.properties' could not be found. Skipping.
2023-12-09 20:48:34,082 DEBUG com.mchange.v2.log.slf4j.Slf4jMLog$Slf4jMLogger$DebugLogger [MLog-Init-Reporter] Reading VM config for path list /com/mchange/v2/log/default-mchange-log.properties, /mchange-commons.properties, /c3p0.properties, hocon:/reference,/application,/c3p0,/, /mchange-log.properties, /
2023-12-09 20:48:34,082 DEBUG com.mchange.v2.log.slf4j.Slf4jMLog$Slf4jMLogger$DebugLogger [main] The configuration file for resource identifier 'hocon:/reference,/application,/c3p0,/' could not be found. Skipping.
2023-12-09 20:48:34,082 DEBUG com.mchange.v2.log.slf4j.Slf4jMLog$Slf4jMLogger$DebugLogger [MLog-Init-Reporter] The configuration file for resource identifier '/mchange-commons.properties' could not be found. Skipping.
2023-12-09 20:48:34,082 DEBUG com.mchange.v2.log.slf4j.Slf4jMLog$Slf4jMLogger$DebugLogger [main] The configuration file for resource identifier '/c3p0.properties' could not be found. Skipping.
2023-12-09 20:48:34,082 DEBUG com.mchange.v2.log.slf4j.Slf4jMLog$Slf4jMLogger$DebugLogger [MLog-Init-Reporter] The configuration file for resource identifier '/c3p0.properties' could not be found. Skipping.
2023-12-09 20:48:34,083 DEBUG com.mchange.v2.log.slf4j.Slf4jMLog$Slf4jMLogger$DebugLogger [MLog-Init-Reporter] The configuration file for resource identifier 'hocon:/reference,/application,/c3p0,/' could not be found. Skipping.
2023-12-09 20:48:34,083 DEBUG com.mchange.v2.log.slf4j.Slf4jMLog$Slf4jMLogger$DebugLogger [MLog-Init-Reporter] The configuration file for resource identifier '/mchange-log.properties' could not be found. Skipping.
2023-12-09 20:48:34,115 DEBUG com.mchange.v2.log.slf4j.Slf4jMLog$Slf4jMLogger$DebugLogger [main] MBean: com.mchange.v2.c3p0:type=PooledDataSource,identityToken=1hgeps1b0ltc4z25x17kd|4a8b5227,name=1hgeps1b0ltc4z25x17kd|4a8b5227 registered.
2023-12-09 20:48:34,129 DEBUG com.mchange.v2.log.slf4j.Slf4jMLog$Slf4jMLogger$DebugLogger [main] MBean: com.mchange.v2.c3p0:type=PooledDataSource,identityToken=1hgeps1b0ltc4z25x17kd|4a8b5227,name=1hgeps1b0ltc4z25x17kd|4a8b5227 unregistered, in order to be reregistered after update.
2023-12-09 20:48:34,129 DEBUG com.mchange.v2.log.slf4j.Slf4jMLog$Slf4jMLogger$DebugLogger [main] MBean: com.mchange.v2.c3p0:type=PooledDataSource,identityToken=1hgeps1b0ltc4z25x17kd|4a8b5227,name=1hgeps1b0ltc4z25x17kd|4a8b5227 registered.
2023-12-09 20:48:34,244 DEBUG com.mchange.v2.log.slf4j.Slf4jMLog$Slf4jMLogger$DebugLogger [main] The configuration file for resource identifier '/mchange-commons.properties' could not be found. Skipping.
2023-12-09 20:48:34,244 DEBUG com.mchange.v2.log.slf4j.Slf4jMLog$Slf4jMLogger$DebugLogger [main] The configuration file for resource identifier '/mchange-log.properties' could not be found. Skipping.
2023-12-09 20:48:34,245 DEBUG com.mchange.v2.log.slf4j.Slf4jMLog$Slf4jMLogger$DebugLogger [main] The configuration file for resource identifier '/c3p0.properties' could not be found. Skipping.
2023-12-09 20:48:34,245 DEBUG com.mchange.v2.log.slf4j.Slf4jMLog$Slf4jMLogger$DebugLogger [main] The configuration file for resource identifier 'hocon:/reference,/application,/c3p0,/' could not be found. Skipping.
2023-12-09 20:48:34,247 DEBUG com.mchange.v2.log.slf4j.Slf4jMLog$Slf4jMLogger$DebugLogger [main] com.mchange.v2.resourcepool.BasicResourcePool@286b39c2 config: [start -> 10; min -> 10; max -> 100; inc -> 3; num_acq_attempts -> 30; acq_attempt_delay -> 1000; check_idle_resources_delay -> 0; max_resource_age -> 0; max_idle_time -> 1800000; excess_max_idle_time -> 0; destroy_unreturned_resc_time -> 0; expiration_enforcement_delay -> 450000; break_on_acquisition_failure -> false; debug_store_checkout_exceptions -> false; force_synchronous_checkins -> false]
2023-12-09 20:48:34,247 DEBUG com.mchange.v2.log.slf4j.Slf4jMLog$Slf4jMLogger$DebugLogger [main] Created new pool for auth, username (masked): 'we******'.
2023-12-09 20:48:34,248 DEBUG com.mchange.v2.log.slf4j.Slf4jMLog$Slf4jMLogger$DebugLogger [main] acquire test -- pool size: 0; target_pool_size: 10; desired target? 1
2023-12-09 20:48:34,249 DEBUG com.mchange.v2.log.slf4j.Slf4jMLog$Slf4jMLogger$DebugLogger [main] awaitAvailable(): [unknown]
