2023-12-09 17:18:35,138 DEBUG com.aweit.slf4j.Slf4JDemo [main] Debug log message
2023-12-09 17:26:18,249 DEBUG com.aweit.slf4j.Slf4JDemo [main] Debug log message
2023-12-09 17:32:56,392 DEBUG com.aweit.slf4j.Slf4JDemo [main] Debug log message
2023-12-09 17:33:20,833 DEBUG com.mchange.v2.log.slf4j.Slf4jMLog$Slf4jMLogger$DebugLogger [MLog-Init-Reporter] Reading VM config for path list /com/mchange/v2/log/default-mchange-log.properties, /mchange-commons.properties, /c3p0.properties, hocon:/reference,/application,/c3p0,/, /mchange-log.properties, /
2023-12-09 17:33:20,833 DEBUG com.mchange.v2.log.slf4j.Slf4jMLog$Slf4jMLogger$DebugLogger [MLog-Init-Reporter] The configuration file for resource identifier '/mchange-commons.properties' could not be found. Skipping.
2023-12-09 17:33:20,833 DEBUG com.mchange.v2.log.slf4j.Slf4jMLog$Slf4jMLogger$DebugLogger [main] The configuration file for resource identifier '/mchange-commons.properties' could not be found. Skipping.
2023-12-09 17:33:20,834 DEBUG com.mchange.v2.log.slf4j.Slf4jMLog$Slf4jMLogger$DebugLogger [MLog-Init-Reporter] The configuration file for resource identifier '/c3p0.properties' could not be found. Skipping.
2023-12-09 17:33:20,834 DEBUG com.mchange.v2.log.slf4j.Slf4jMLog$Slf4jMLogger$DebugLogger [main] The configuration file for resource identifier '/mchange-log.properties' could not be found. Skipping.
2023-12-09 17:33:20,834 DEBUG com.mchange.v2.log.slf4j.Slf4jMLog$Slf4jMLogger$DebugLogger [MLog-Init-Reporter] The configuration file for resource identifier 'hocon:/reference,/application,/c3p0,/' could not be found. Skipping.
2023-12-09 17:33:20,834 DEBUG com.mchange.v2.log.slf4j.Slf4jMLog$Slf4jMLogger$DebugLogger [main] The configuration file for resource identifier 'hocon:/reference,/application,/c3p0,/' could not be found. Skipping.
2023-12-09 17:33:20,835 DEBUG com.mchange.v2.log.slf4j.Slf4jMLog$Slf4jMLogger$DebugLogger [MLog-Init-Reporter] The configuration file for resource identifier '/mchange-log.properties' could not be found. Skipping.
2023-12-09 17:33:20,835 DEBUG com.mchange.v2.log.slf4j.Slf4jMLog$Slf4jMLogger$DebugLogger [main] The configuration file for resource identifier '/c3p0.properties' could not be found. Skipping.
2023-12-09 17:33:20,929 DEBUG com.mchange.v2.log.slf4j.Slf4jMLog$Slf4jMLogger$DebugLogger [main] MBean: com.mchange.v2.c3p0:type=PooledDataSource,identityToken=1hgeps1b0lmd2zc8ud0ja|1ad777f,name=1hgeps1b0lmd2zc8ud0ja|1ad777f registered.
2023-12-09 17:33:20,938 DEBUG com.mchange.v2.log.slf4j.Slf4jMLog$Slf4jMLogger$DebugLogger [main] MBean: com.mchange.v2.c3p0:type=PooledDataSource,identityToken=1hgeps1b0lmd2zc8ud0ja|1ad777f,name=1hgeps1b0lmd2zc8ud0ja|1ad777f unregistered, in order to be reregistered after update.
2023-12-09 17:33:20,938 DEBUG com.mchange.v2.log.slf4j.Slf4jMLog$Slf4jMLogger$DebugLogger [main] MBean: com.mchange.v2.c3p0:type=PooledDataSource,identityToken=1hgeps1b0lmd2zc8ud0ja|1ad777f,name=1hgeps1b0lmd2zc8ud0ja|1ad777f registered.
2023-12-09 17:34:30,114 DEBUG com.mchange.v2.log.slf4j.Slf4jMLog$Slf4jMLogger$DebugLogger [MLog-Init-Reporter] Reading VM config for path list /com/mchange/v2/log/default-mchange-log.properties, /mchange-commons.properties, /c3p0.properties, hocon:/reference,/application,/c3p0,/, /mchange-log.properties, /
2023-12-09 17:34:30,115 DEBUG com.mchange.v2.log.slf4j.Slf4jMLog$Slf4jMLogger$DebugLogger [MLog-Init-Reporter] The configuration file for resource identifier '/mchange-commons.properties' could not be found. Skipping.
2023-12-09 17:34:30,115 DEBUG com.mchange.v2.log.slf4j.Slf4jMLog$Slf4jMLogger$DebugLogger [MLog-Init-Reporter] The configuration file for resource identifier '/c3p0.properties' could not be found. Skipping.
2023-12-09 17:34:30,115 DEBUG com.mchange.v2.log.slf4j.Slf4jMLog$Slf4jMLogger$DebugLogger [MLog-Init-Reporter] The configuration file for resource identifier 'hocon:/reference,/application,/c3p0,/' could not be found. Skipping.
2023-12-09 17:34:30,115 DEBUG com.mchange.v2.log.slf4j.Slf4jMLog$Slf4jMLogger$DebugLogger [MLog-Init-Reporter] The configuration file for resource identifier '/mchange-log.properties' could not be found. Skipping.
2023-12-09 17:34:30,115 DEBUG com.mchange.v2.log.slf4j.Slf4jMLog$Slf4jMLogger$DebugLogger [main] The configuration file for resource identifier '/mchange-commons.properties' could not be found. Skipping.
2023-12-09 17:34:30,116 DEBUG com.mchange.v2.log.slf4j.Slf4jMLog$Slf4jMLogger$DebugLogger [main] The configuration file for resource identifier '/mchange-log.properties' could not be found. Skipping.
2023-12-09 17:34:30,116 DEBUG com.mchange.v2.log.slf4j.Slf4jMLog$Slf4jMLogger$DebugLogger [main] The configuration file for resource identifier 'hocon:/reference,/application,/c3p0,/' could not be found. Skipping.
2023-12-09 17:34:30,116 DEBUG com.mchange.v2.log.slf4j.Slf4jMLog$Slf4jMLogger$DebugLogger [main] The configuration file for resource identifier '/c3p0.properties' could not be found. Skipping.
2023-12-09 17:34:30,211 DEBUG com.mchange.v2.log.slf4j.Slf4jMLog$Slf4jMLogger$DebugLogger [main] MBean: com.mchange.v2.c3p0:type=PooledDataSource,identityToken=1hgeps1b0lmekfr18dns8a|5bbbdd4b,name=1hgeps1b0lmekfr18dns8a|5bbbdd4b registered.
2023-12-09 17:34:30,222 DEBUG com.mchange.v2.log.slf4j.Slf4jMLog$Slf4jMLogger$DebugLogger [main] MBean: com.mchange.v2.c3p0:type=PooledDataSource,identityToken=1hgeps1b0lmekfr18dns8a|5bbbdd4b,name=1hgeps1b0lmekfr18dns8a|5bbbdd4b unregistered, in order to be reregistered after update.
2023-12-09 17:34:30,223 DEBUG com.mchange.v2.log.slf4j.Slf4jMLog$Slf4jMLogger$DebugLogger [main] MBean: com.mchange.v2.c3p0:type=PooledDataSource,identityToken=1hgeps1b0lmekfr18dns8a|5bbbdd4b,name=1hgeps1b0lmekfr18dns8a|5bbbdd4b registered.
2023-12-09 17:38:02,647 DEBUG com.aweit.slf4j.Slf4JDemo [main] Debug log message
2023-12-09 17:39:53,267 DEBUG com.aweit.slf4j.Slf4JDemo [main] Debug log message
2023-12-09 17:41:54,029 DEBUG com.aweit.slf4j.Slf4JDemo [main] Debug log message
2023-12-09 17:42:50,832 DEBUG com.aweit.slf4j.Slf4JDemo [main] Debug log message
2023-12-09 17:43:34,769 DEBUG com.aweit.slf4j.Slf4JDemo [main] Debug log message
2023-12-09 17:55:22,416 DEBUG com.aweit.slf4j.Slf4JDemo [main] Debug log message
2023-12-09 17:56:01,904 DEBUG com.aweit.slf4j.Slf4JDemo [main] Debug log message
2023-12-09 17:56:28,696 DEBUG com.mchange.v2.log.slf4j.Slf4jMLog$Slf4jMLogger$DebugLogger [MLog-Init-Reporter] Reading VM config for path list /com/mchange/v2/log/default-mchange-log.properties, /mchange-commons.properties, /c3p0.properties, hocon:/reference,/application,/c3p0,/, /mchange-log.properties, /
2023-12-09 17:56:28,697 DEBUG com.mchange.v2.log.slf4j.Slf4jMLog$Slf4jMLogger$DebugLogger [MLog-Init-Reporter] The configuration file for resource identifier '/mchange-commons.properties' could not be found. Skipping.
2023-12-09 17:56:28,697 DEBUG com.mchange.v2.log.slf4j.Slf4jMLog$Slf4jMLogger$DebugLogger [MLog-Init-Reporter] The configuration file for resource identifier '/c3p0.properties' could not be found. Skipping.
2023-12-09 17:56:28,697 DEBUG com.mchange.v2.log.slf4j.Slf4jMLog$Slf4jMLogger$DebugLogger [MLog-Init-Reporter] The configuration file for resource identifier 'hocon:/reference,/application,/c3p0,/' could not be found. Skipping.
2023-12-09 17:56:28,697 DEBUG com.mchange.v2.log.slf4j.Slf4jMLog$Slf4jMLogger$DebugLogger [main] The configuration file for resource identifier '/mchange-commons.properties' could not be found. Skipping.
2023-12-09 17:56:28,698 DEBUG com.mchange.v2.log.slf4j.Slf4jMLog$Slf4jMLogger$DebugLogger [MLog-Init-Reporter] The configuration file for resource identifier '/mchange-log.properties' could not be found. Skipping.
2023-12-09 17:56:28,698 DEBUG com.mchange.v2.log.slf4j.Slf4jMLog$Slf4jMLogger$DebugLogger [main] The configuration file for resource identifier '/mchange-log.properties' could not be found. Skipping.
2023-12-09 17:56:28,698 DEBUG com.mchange.v2.log.slf4j.Slf4jMLog$Slf4jMLogger$DebugLogger [main] The configuration file for resource identifier 'hocon:/reference,/application,/c3p0,/' could not be found. Skipping.
2023-12-09 17:56:28,699 DEBUG com.mchange.v2.log.slf4j.Slf4jMLog$Slf4jMLogger$DebugLogger [main] The configuration file for resource identifier '/c3p0.properties' could not be found. Skipping.
2023-12-09 17:56:28,793 DEBUG com.mchange.v2.log.slf4j.Slf4jMLog$Slf4jMLogger$DebugLogger [main] MBean: com.mchange.v2.c3p0:type=PooledDataSource,identityToken=1hgeps1b0ln6tv21k68d19|4650a407,name=1hgeps1b0ln6tv21k68d19|4650a407 registered.
2023-12-09 17:56:28,803 DEBUG com.mchange.v2.log.slf4j.Slf4jMLog$Slf4jMLogger$DebugLogger [main] MBean: com.mchange.v2.c3p0:type=PooledDataSource,identityToken=1hgeps1b0ln6tv21k68d19|4650a407,name=1hgeps1b0ln6tv21k68d19|4650a407 unregistered, in order to be reregistered after update.
2023-12-09 17:56:28,803 DEBUG com.mchange.v2.log.slf4j.Slf4jMLog$Slf4jMLogger$DebugLogger [main] MBean: com.mchange.v2.c3p0:type=PooledDataSource,identityToken=1hgeps1b0ln6tv21k68d19|4650a407,name=1hgeps1b0ln6tv21k68d19|4650a407 registered.
2023-12-09 17:57:07,674 DEBUG com.aweit.slf4j.Slf4JDemo [main] Debug log message
2023-12-09 18:00:02,916 DEBUG com.aweit.slf4j.Slf4JDemo [main] Debug log message
2023-12-09 18:00:12,814 DEBUG com.mchange.v2.log.slf4j.Slf4jMLog$Slf4jMLogger$DebugLogger [MLog-Init-Reporter] Reading VM config for path list /com/mchange/v2/log/default-mchange-log.properties, /mchange-commons.properties, /c3p0.properties, hocon:/reference,/application,/c3p0,/, /mchange-log.properties, /
2023-12-09 18:00:12,815 DEBUG com.mchange.v2.log.slf4j.Slf4jMLog$Slf4jMLogger$DebugLogger [MLog-Init-Reporter] The configuration file for resource identifier '/mchange-commons.properties' could not be found. Skipping.
2023-12-09 18:00:12,815 DEBUG com.mchange.v2.log.slf4j.Slf4jMLog$Slf4jMLogger$DebugLogger [MLog-Init-Reporter] The configuration file for resource identifier '/c3p0.properties' could not be found. Skipping.
2023-12-09 18:00:12,815 DEBUG com.mchange.v2.log.slf4j.Slf4jMLog$Slf4jMLogger$DebugLogger [main] The configuration file for resource identifier '/mchange-commons.properties' could not be found. Skipping.
2023-12-09 18:00:12,816 DEBUG com.mchange.v2.log.slf4j.Slf4jMLog$Slf4jMLogger$DebugLogger [MLog-Init-Reporter] The configuration file for resource identifier 'hocon:/reference,/application,/c3p0,/' could not be found. Skipping.
2023-12-09 18:00:12,816 DEBUG com.mchange.v2.log.slf4j.Slf4jMLog$Slf4jMLogger$DebugLogger [MLog-Init-Reporter] The configuration file for resource identifier '/mchange-log.properties' could not be found. Skipping.
2023-12-09 18:00:12,816 DEBUG com.mchange.v2.log.slf4j.Slf4jMLog$Slf4jMLogger$DebugLogger [main] The configuration file for resource identifier '/mchange-log.properties' could not be found. Skipping.
2023-12-09 18:00:12,816 DEBUG com.mchange.v2.log.slf4j.Slf4jMLog$Slf4jMLogger$DebugLogger [main] The configuration file for resource identifier 'hocon:/reference,/application,/c3p0,/' could not be found. Skipping.
2023-12-09 18:00:12,817 DEBUG com.mchange.v2.log.slf4j.Slf4jMLog$Slf4jMLogger$DebugLogger [main] The configuration file for resource identifier '/c3p0.properties' could not be found. Skipping.
2023-12-09 18:00:12,947 DEBUG com.mchange.v2.log.slf4j.Slf4jMLog$Slf4jMLogger$DebugLogger [main] MBean: com.mchange.v2.c3p0:type=PooledDataSource,identityToken=1hgeps1b0lnbmsv16s4ua6|6a4d7f76,name=1hgeps1b0lnbmsv16s4ua6|6a4d7f76 registered.
2023-12-09 18:00:12,963 DEBUG com.mchange.v2.log.slf4j.Slf4jMLog$Slf4jMLogger$DebugLogger [main] MBean: com.mchange.v2.c3p0:type=PooledDataSource,identityToken=1hgeps1b0lnbmsv16s4ua6|6a4d7f76,name=1hgeps1b0lnbmsv16s4ua6|6a4d7f76 unregistered, in order to be reregistered after update.
2023-12-09 18:00:12,963 DEBUG com.mchange.v2.log.slf4j.Slf4jMLog$Slf4jMLogger$DebugLogger [main] MBean: com.mchange.v2.c3p0:type=PooledDataSource,identityToken=1hgeps1b0lnbmsv16s4ua6|6a4d7f76,name=1hgeps1b0lnbmsv16s4ua6|6a4d7f76 registered.
2023-12-09 18:49:37,609 DEBUG com.mchange.v2.log.slf4j.Slf4jMLog$Slf4jMLogger$DebugLogger [main] The configuration file for resource identifier '/mchange-commons.properties' could not be found. Skipping.
2023-12-09 18:49:37,701 DEBUG com.mchange.v2.log.slf4j.Slf4jMLog$Slf4jMLogger$DebugLogger [MLog-Init-Reporter] Reading VM config for path list /com/mchange/v2/log/default-mchange-log.properties, /mchange-commons.properties, /c3p0.properties, hocon:/reference,/application,/c3p0,/, /mchange-log.properties, /
2023-12-09 18:49:37,706 DEBUG com.mchange.v2.log.slf4j.Slf4jMLog$Slf4jMLogger$DebugLogger [main] The configuration file for resource identifier '/mchange-log.properties' could not be found. Skipping.
2023-12-09 18:49:37,707 DEBUG com.mchange.v2.log.slf4j.Slf4jMLog$Slf4jMLogger$DebugLogger [MLog-Init-Reporter] The configuration file for resource identifier '/mchange-commons.properties' could not be found. Skipping.
2023-12-09 18:49:37,707 DEBUG com.mchange.v2.log.slf4j.Slf4jMLog$Slf4jMLogger$DebugLogger [main] The configuration file for resource identifier 'hocon:/reference,/application,/c3p0,/' could not be found. Skipping.
2023-12-09 18:49:37,707 DEBUG com.mchange.v2.log.slf4j.Slf4jMLog$Slf4jMLogger$DebugLogger [MLog-Init-Reporter] The configuration file for resource identifier '/c3p0.properties' could not be found. Skipping.
2023-12-09 18:49:37,707 DEBUG com.mchange.v2.log.slf4j.Slf4jMLog$Slf4jMLogger$DebugLogger [main] The configuration file for resource identifier '/c3p0.properties' could not be found. Skipping.
2023-12-09 18:49:37,707 DEBUG com.mchange.v2.log.slf4j.Slf4jMLog$Slf4jMLogger$DebugLogger [MLog-Init-Reporter] The configuration file for resource identifier 'hocon:/reference,/application,/c3p0,/' could not be found. Skipping.
2023-12-09 18:49:37,708 DEBUG com.mchange.v2.log.slf4j.Slf4jMLog$Slf4jMLogger$DebugLogger [MLog-Init-Reporter] The configuration file for resource identifier '/mchange-log.properties' could not be found. Skipping.
2023-12-09 18:49:37,803 DEBUG com.mchange.v2.log.slf4j.Slf4jMLog$Slf4jMLogger$DebugLogger [main] MBean: com.mchange.v2.c3p0:type=PooledDataSource,identityToken=1hgeps1b0lp36ip1xhd6me|79767781,name=1hgeps1b0lp36ip1xhd6me|79767781 registered.
2023-12-09 18:49:37,817 DEBUG com.mchange.v2.log.slf4j.Slf4jMLog$Slf4jMLogger$DebugLogger [main] MBean: com.mchange.v2.c3p0:type=PooledDataSource,identityToken=1hgeps1b0lp36ip1xhd6me|79767781,name=1hgeps1b0lp36ip1xhd6me|79767781 unregistered, in order to be reregistered after update.
2023-12-09 18:49:37,817 DEBUG com.mchange.v2.log.slf4j.Slf4jMLog$Slf4jMLogger$DebugLogger [main] MBean: com.mchange.v2.c3p0:type=PooledDataSource,identityToken=1hgeps1b0lp36ip1xhd6me|79767781,name=1hgeps1b0lp36ip1xhd6me|79767781 registered.
